         w __deregister_frame_info
         w __register_frame_info
         w __syscall_lock_close_recursive
         w userAppExit
         w userAppInit
00000000 b _TLS_MODULE_BASE_
00000000 00000802 B __ctru_dev_utf16_buf
00000000 a shift
00000000 a shift
00000804 00000401 B __ctru_dev_path_buf
00100000 A __start__
00100000 T _start
00100008 T __service_ptr
0010000c T __apt_appid
00100010 T __heap_size
00100014 T __linear_heap_size
00100018 T __system_arglist
0010001c T __system_runflags
00100020 t startup
00100058 t ClearMem
0010006c t ClrLoop
00100094 T _init
001000ac T __aeabi_idiv
001000ac 00000220 T __divsi3
001000b4 t .divsi3_skip_div0_test
001002cc 00000020 T __aeabi_idivmod
001002ec 00000004 W __aeabi_idiv0
001002ec 00000004 W __aeabi_ldiv0
001002f0 T __aeabi_uldivmod
00100348 00000390 T strcmp
001006d0 t .udivsi3_skip_div0_test
001006d0 T __aeabi_uidiv
001006d0 000001ec T __udivsi3
001008bc 00000020 T __aeabi_uidivmod
001008dc T __aeabi_drsub
001008e4 000002b0 T __aeabi_dsub
001008e4 000002b0 T __subdf3
001008e8 000002ac T __adddf3
001008e8 000002ac T __aeabi_dadd
00100b94 00000024 T __aeabi_ui2d
00100b94 00000024 T __floatunsidf
00100bb8 00000028 T __aeabi_i2d
00100bb8 00000028 T __floatsidf
00100be0 00000048 T __aeabi_f2d
00100be0 00000048 T __extendsfdf2
00100c28 00000074 T __aeabi_ul2d
00100c28 00000074 T __floatundidf
00100c3c 00000060 T __aeabi_l2d
00100c3c 00000060 T __floatdidf
00100c9c t __do_global_dtors_aux
00100cdc t frame_dummy
00100d08 000000a4 T IRCInit
00100dac 00000020 T IRCShutdown
00100dcc 00000090 T IRCReceive
00100e5c 000000f0 T main
00100f4c 000001e8 t parseColor
00101134 000001ac T consoleDrawChar
001012e0 00000124 T consolePrintChar
00101404 00000b94 T con_write
00101f98 000000fc t newRow
00102094 00000168 T consoleInit
001021fc 000000d0 t gfxPresentFramebuffer
001022cc 0000001c T gfxIsWide
001022e8 000000ec T gfxSetScreenFormat
001023d4 00000010 T gfxSetDoubleBuffering
001023e4 000000e0 T gfxInit
001024c4 00000010 T gfxInitDefault
001024d4 000000b4 T gfxExit
00102588 000000a0 T gfxGetFramebuffer
00102628 00000104 T gfxFlushBuffers
0010272c 00000050 T gfxSwapBuffers
0010277c 00000050 T gfxSwapBuffersGpu
001027cc 00000114 T iruInit
001028e0 00000070 T iruExit
00102950 00000064 T IRU_StartRecvTransfer
001029b4 00000038 T IRU_WaitRecvTransfer
001029ec 00000034 T IRU_SetBitRate
00102a20 00000038 T IRU_GetRecvFinishedEvent
00102a58 00000c58 t gspHardwareInit
001036b0 00000248 T gspInit
001038f8 000000f0 T gspExit
001039e8 00000010 T gspHasGpuRight
001039f8 000000a0 T gspPresentBuffer
00103a98 00000044 T gspWaitForEvent
00103adc 00000004 W gxCmdQueueInterrupt
00103ae0 00000158 t gspEventThreadMain
00103c38 00000050 T GSPGPU_FlushDataCache
00103c88 00000034 T GSPGPU_SetLcdForceBlack
00103cbc 00000068 T GSPGPU_AcquireRight
00103d24 00000048 T GSPGPU_ReleaseRight
00103d6c 0000007c T GSPGPU_ImportDisplayCaptureInfo
00103de8 0000002c T GSPGPU_SaveVramSysArea
00103e14 0000002c T GSPGPU_RestoreVramSysArea
00103e40 000001a4 t aptConvertScreenForCapture
00103fe4 00000008 W aptDspSleep
00103fec 00000004 W aptDspWakeup
00103ff0 00000004 W aptDspCancel
00103ff4 00000158 T aptSendCommand
00104150 00000044 t aptExitProcess
00104194 000003b0 T aptExit
00104544 000000e0 T aptHandleSleep
00104624 00000084 T APT_SleepIfShellClosed
001046a8 00000084 T aptSetSleepAllowed
0010472c 00000084 T APT_UnlockTransition
001047b0 000004a4 t aptEventHandler
00104c54 000000b0 T APT_ReceiveParameter
00104d04 000000b0 t aptReceiveParameter.constprop.0
00104db8 000002ac t aptScreenTransfer
00105064 00000344 t aptWaitForWakeUp.isra.0
001053a8 00000100 T aptJumpToHomeMenu
001054a8 00000048 T aptMainLoop
001054f0 0000022c T aptInit
0010571c 0000007c T APT_CheckNew3DS
00105798 00000024 W hidShouldUseIrrst
001057bc 0000018c T hidInit
00105948 000000e8 T hidExit
00105a30 000002a4 T hidScanInput
00105cd4 00000010 T hidKeysDown
00105ce4 00000038 W __libctru_init
00105d1c 00000170 W __system_initArgv
00105e8c T svcControlMemory
00105eac T svcQueryMemory
00105edc T svcExitProcess
00105ee4 T svcCreateThread
00105f04 T svcExitThread
00105f0c T svcSleepThread
00105f14 T svcReleaseMutex
00105f1c T svcCreateEvent
00105f30 T svcSignalEvent
00105f38 T svcClearEvent
00105f40 T svcCreateMemoryBlock
00105f58 T svcMapMemoryBlock
00105f60 T svcUnmapMemoryBlock
00105f68 T svcCreateAddressArbiter
00105f7c T svcArbitrateAddressNoTimeout
00105f84 T svcCloseHandle
00105f8c T svcWaitSynchronization
00105f94 T svcWaitSynchronizationN
00105fbc T svcDuplicateHandle
00105fd0 T svcConnectToPort
00105fe4 T svcSendSyncRequest
00105fec T svcGetResourceLimit
00106000 T svcGetResourceLimitLimitValues
00106008 T svcGetResourceLimitCurrentValues
00106010 T svcBreak
00106018 W initSystem
00106068 W __ctru_exit
00106080 00000024 t addrMapNodeComparator(rbtree_node const*, rbtree_node const*)
001060a4 00000004 t addrMapNodeDestructor(rbtree_node*)
001060a8 00000250 T vramMemAlignAt
001062f8 0000000c T vramAlloc
00106304 00000090 T vramFree
00106394 00000024 t addrMapNodeComparator(rbtree_node const*, rbtree_node const*)
001063b8 00000004 t addrMapNodeDestructor(rbtree_node*)
001063bc 00000120 T linearMemAlign
001064dc 00000008 T linearAlloc
001064e4 0000005c T linearFree
00106540 00000080 T MemPool::CoalesceRight(MemBlock*)
001065c0 0000016c T MemPool::Allocate(MemChunk&, unsigned long, int)
0010672c 000000fc T MemPool::Deallocate(MemChunk const&)
00106828 00000030 T MemPool::GetFreeSpace()
00106858 0000000c T __sync_init
00106864 00000018 T __sync_fini
0010687c 0000002c T syncArbitrateAddress
001068a8 000000b0 T LightLock_Lock
00106958 00000040 T LightLock_Unlock
00106998 00000024 T RecursiveLock_Init
001069bc 00000030 T RecursiveLock_Lock
001069ec 00000054 T RecursiveLock_Unlock
00106a40 00000040 T LightEvent_Init
00106a80 000000a4 T LightEvent_Clear
00106b24 000000c8 T LightEvent_Signal
00106bec 00000050 T LightEvent_TryWait
00106c3c 000000b0 T LightEvent_Wait
00106cec 00000034 T __ctru_speedup_config
00106d20 00000130 T srvInit
00106e50 00000058 T srvExit
00106ea8 00000060 T srvEnableNotification
00106f08 000000a0 T srvGetServiceHandleDirect
00106fa8 00000038 T srvGetServiceHandle
00106fe0 00000034 T srvSubscribe
00107014 00000060 T srvReceiveNotification
00107074 00000038 T srvPublishToSubscriber
001070ac 000001d0 T threadCreate
0010727c 0000002c T threadFree
001072a8 00000024 T threadJoin
001072cc 00000030 T threadGetCurrent
001072fc 00000040 T threadExit
0010733c 00000020 t _thread_begin
0010735c 000000b4 t mappableFindAddressWithin
00107410 00000028 T mappableInit
00107438 00000080 T mappableAlloc
001074b8 00000004 T mappableFree
001074bc 00000164 T irrstInit
00107620 000000cc T irrstExit
001076ec 000000b4 T irrstScanInput
001077a0 00000024 T irrstKeysHeld
001077c4 0000000c T srvPmGetSessionHandle
001077d0 00000074 T ptmSysmInit
00107844 0000003c T ptmSysmExit
00107880 00000034 T PTMSYSM_ConfigureNew3DSCPU
001078b4 00000010 T rbtree_init
001078c4 000001b4 t do_insert
00107a78 00000008 T rbtree_insert
00107a80 00000090 T rbtree_rotate
00107b10 00000318 T rbtree_remove
00107e28 00000074 T rbtree_find
00107e9c 00000030 W __appInit
00107ecc 00000030 T __syscall_getreent
00107efc 00000004 T __syscall_lock_acquire
00107f00 00000004 T __syscall_lock_release
00107f04 00000004 T __syscall_lock_init_recursive
00107f08 00000004 T __syscall_lock_acquire_recursive
00107f0c 00000004 T __syscall_lock_release_recursive
00107f10 00000004 T __syscall_exit
00107f14 00000050 T initThreadVars
00107f64 00000080 T __system_initSyscalls
00107fe8 000001e0 W __system_allocateHeaps
001081c8 00000030 W __appExit
001081f8 00000090 W __libctru_exit
00108288 00000084 W envGetHandle
0010830c 00000050 W envDestroyHandles
0010835c 00000014 t archive_link
00108370 00000014 t archive_dirreset
00108384 00000014 t archive_chmod
00108398 00000024 t error_cmp
001083bc 00000050 t archive_translate_error
0010840c 000000c8 t archive_seek
001084d4 0000007c t _archiveInit.part.0
00108550 000000c4 t archiveFindDevice.part.0
00108614 0000025c t archive_utf16path
00108870 000000a0 t _archiveUnmountDeviceStruct.part.0
00108910 00000014 t archive_fchmod
00108924 00000014 t archive_statvfs
00108938 00000164 t _archiveMountDevice
00108a9c 000000e8 t archive_diropen
00108b84 000000a4 t archive_fstat
00108c28 0000006c t archive_close
00108c94 0000006c t archive_fsync
00108d00 00000070 t archive_dirclose
00108d70 000000e8 t sdmc_statvfs
00108e58 000000ec t archive_chdir
00108f44 0000007c t archive_ftruncate
00108fc0 000000ac t archive_read
0010906c 000000a4 t archive_unlink
00109110 000000bc t archive_rmdir
001091cc 000000dc t archive_mkdir
001092a8 0000019c t archive_stat
00109444 0000015c t archive_dirnext
001095a0 000000ec t archive_write
0010968c 000001d4 t archive_open
00109860 00000278 t archive_rename
00109ad8 0000019c T archiveMountSdmc
00109c74 00000054 T archiveUnmountAll
00109cc8 000000cc T fsInit
00109d94 0000003c T fsExit
00109dd0 00000060 T fsExemptFromSession
00109e30 00000050 T fsUnexemptFromSession
00109e80 000000cc T FSUSER_OpenFile
00109f4c 000000bc T FSUSER_DeleteFile
0010a008 000000f8 T FSUSER_RenameFile
0010a100 000000bc T FSUSER_DeleteDirectory
0010a1bc 000000d4 T FSUSER_CreateFile
0010a290 000000c4 T FSUSER_CreateDirectory
0010a354 000000f8 T FSUSER_RenameDirectory
0010a44c 000000b4 T FSUSER_OpenDirectory
0010a500 00000098 T FSUSER_OpenArchive
0010a598 0000008c T FSUSER_CloseArchive
0010a624 00000074 T FSUSER_GetSdmcArchiveResource
0010a698 00000064 T FSUSER_IsSdmcWritable
0010a6fc 00000058 T FSFILE_Read
0010a754 00000060 T FSFILE_Write
0010a7b4 0000003c T FSFILE_GetSize
0010a7f0 00000028 T FSFILE_SetSize
0010a818 0000003c T FSFILE_Close
0010a854 00000024 T FSFILE_Flush
0010a878 00000050 T FSDIR_Read
0010a8c8 0000003c T FSDIR_Close
0010a904 0000005c T rbtree_node_next
0010a960 000000e8 T utf16_to_utf8
0010aa48 00000064 T decode_utf16
0010aaac 0000013c T decode_utf8
0010abe8 000000c0 T utf8_to_utf16
0010aca8 T __aeabi_read_tp
0010acb4 00000054 T encode_utf16
0010ad08 000000e0 T encode_utf8
0010ade8 00000120 T __udivmoddi4
0010af08 00000078 T bsearch
0010af80 0000000c T __errno
0010af8c 00000034 T exit
0010afc0 00000234 T __sflush_r
0010b1f4 00000094 T _fflush_r
0010b288 0000000c T _cleanup_r
0010b294 00000184 T __sinit
0010b418 0000000c T __sfp_lock_acquire
0010b424 0000000c T __sfp_lock_release
0010b430 0000003c T __libc_fini_array
0010b46c 000000f8 T _malloc_trim_r
0010b564 000002e8 T _free_r
0010b84c 00000070 T _fwalk_reent
0010b8bc 00000084 T __libc_init_array
0010b940 00000020 T memalign
0010b960 0000014c T _memalign_r
0010baac 00000018 T malloc
0010bac4 00000018 T free
0010badc 000007e4 T _malloc_r
0010c2c0 000000e4 T memchr
0010c3a4 00000118 T memcpy
0010c4bc 000000f4 T memset
0010c5b0 0000000c T __malloc_lock
0010c5bc 0000000c T __malloc_unlock
0010c5c8 00000034 T printf
0010c5fc 000000e0 T _puts_r
0010c6dc 00000018 T puts
0010c6f4 0000025c T setvbuf
0010c950 00000074 T sscanf
0010c9c4 00000044 T __sread
0010ca08 00000008 T __seofread
0010ca10 00000068 T __swrite
0010ca78 00000044 T __sseek
0010cabc 00000008 T __sclose
0010cac4 0000005c T strlen
0010cb20 000000e4 T strncat
0010cc04 000000e4 T strncmp
0010cce8 000000c4 T strncpy
0010cdac 00000048 T strnlen
0010cdf4 000001c4 t _strtoul_l.constprop.0
0010cfb8 00000004 T _strtoul_r
0010cfbc 00000028 T strtoul
0010cfe4 00000050 t get_arg
0010d034 00002c38 T __ssvfscanf_r
0010fc6c 0000066c t get_arg
001102d8 0000339c T _vfprintf_r
00113674 000000d0 t __sbprintf
00113744 00000054 T _wcrtomb_r
00113798 00000028 T _wcsrtombs_r
001137c0 0000013c T __swsetup_r
001138fc 00000114 T __call_exitprocs
00113a10 000001b0 t quorem
00113bc0 000011f8 T _dtoa_r
00114db8 0000015c T _fclose_r
00114f14 000004b4 T __sfvwrite_r
001153c8 00000008 T iswspace
001153d0 0000000c T _localeconv_r
001153dc 00000010 T __locale_mb_cur_max
001153ec 00000138 T __smakebuf_r
00115524 0000008c T __swhatbuf_r
001155b0 00000068 T _mbrtowc_r
00115618 000002f8 T __utf8_mbtowc
00115910 00000150 T memmove
00115a60 00000088 T _Balloc
00115ae8 0000001c T _Bfree
00115b04 000000f4 T __multadd
00115bf8 00000110 T __s2b
00115d08 00000060 T __hi0bits
00115d68 0000009c T __lo0bits
00115e04 000000a8 T __i2b
00115eac 00000204 T __multiply
001160b0 00000124 T __pow5mult
001161d4 00000140 T __lshift
00116314 00000058 T __mcmp
0011636c 000001ec T __mdiff
00116558 00000068 T __ulp
001165c0 000000d0 T __b2d
00116690 00000120 T __d2b
001167b0 00000078 T __ratio
00116828 00000088 T __copybits
001168b0 0000005c T __any_on
0011690c 00000020 T realloc
0011692c 000004a0 T _realloc_r
00116dcc 000000f4 T __sccl
00116ec0 0000000c T nanf
00116ed0 00000088 T frexp
00116f58 00000064 T sprintf
00116fbc 000000cc T stpncpy
00117088 00000130 T strchr
001171b8 00000064 t sulp
00117220 000013a8 T _strtod_l
001185c8 0000000c T _strtod_r
001185d4 0000022c t _strtoll_l.constprop.0
00118800 00000004 T _strtoll_r
00118804 000001a4 t _strtol_l.part.0
001189a8 0000003c T _strtol_r
001189e4 00000244 t _strtoull_l.constprop.0
00118c28 00000004 T _strtoull_r
00118c2c 00000188 T __ssprint_r
00118db4 000000d4 T _sungetc_r
00118e88 0000006c T __ssrefill_r
00118ef4 000000c4 T _sfread_r
00118fb8 0000066c t get_arg
00119628 00003334 T _svfprintf_r
0011c95c 000000a8 T __submore
0011ca04 0000066c t get_arg
0011d070 00000030 T __sprint_r
0011d0a0 000022ec T _vfiprintf_r
0011f38c 000000d0 t __sbprintf
0011f45c 00000188 T _wcsnrtombs_l
0011f5e4 0000004c T _wcsnrtombs_r
0011f630 000000f0 T __utf8_wctomb
0011f720 0000005c T __assert_func
0011f77c 000000c0 T _calloc_r
0011f83c 0000003c T fiprintf
0011f878 000000f0 t rshift
0011f968 00000814 T __gethex
0012017c 0000004c T __match
001201c8 0000029c T __hexnan
00120464 0000003c T iswspace_l
001204a0 000001d8 t __jp2uc
00120678 0000009c T _jp2uc_l
00120718 00000010 T nan
00120728 00000014 T abort
0012073c 0000008c T category
001207c8 00000090 T _raise_r
00120858 00000018 T raise
00120870 00000008 t null_write
00120878 00000018 T setDefaultDevice
00120890 000000c8 T FindDevice
00120958 00000028 T RemoveDevice
00120980 0000009c T AddDevice
00120a1c 00000020 T GetDeviceOpTab
00120a3c 00000078 T _fstat_r
00120ab4 00000014 T _getpid_r
00120ac8 00000008 T _isatty_r
00120ad0 00000014 T _kill_r
00120ae4 00000084 T _lseek_r
00120b68 00000080 T _read_r
00120be8 00000078 T _sbrk_r
00120c60 00000080 T _write_r
00120ce0 00000020 T _exit
00120d00 000001a4 T _concatenate_path
00120ea4 00000140 T chdir
00120fe4 00000008 T __flockfile
00120fec 00000008 T __funlockfile
00120ff4 0000003c T __get_handle
00121030 000000f4 T _close_r
00121124 0000002c T __getreent
00121150 0000001c T __libc_lock_acquire
0012116c 0000001c T __libc_lock_release
00121188 0000001c T __libc_lock_init_recursive
001211a4 0000001c T __libc_lock_acquire_recursive
001211c0 0000001c T __libc_lock_release_recursive
001211dc 0000001c T __libc_lock_close_recursive
001211f8 00000038 T __aeabi_d2lz
001211f8 00000038 T __fixdfdi
00121230 00000040 T __aeabi_d2ulz
00121230 00000040 T __fixunsdfdi
00121270 00000048 T strrchr
001212b8 T _fini
00122144 00000070 r dotab_stdout
001221b4 00000018 r grayScale
001221cc 00000006 r colorCube
001221d4 00000030 r colorTable
00122230 00000008 r morton_y.2
00122238 00000008 r morton_x.3
00122240 00000008 r s_sleepWakeEvents.4
0012226c R default_font_bin
00122a6c R default_font_bin_end
00122a9c 00000030 r error_table
00122ad4 00000070 r archive_devoptab
00122b4c 00000004 R _global_impure_ptr
00122b58 00000022 r basefix.0
00122bb8 00000010 r zeroes.0
00122bc8 00000010 r blanks.1
00122bd8 00000101 R _ctype_
00122cec r .LC2
00122de0 0000000c r p05.0
00122df0 00000028 R __mprec_bigtens
00122e18 000000c8 R __mprec_tens
00122ef0 00000014 r fpinan.0
00122f04 00000014 r fpi.1
00122f18 00000028 r tinytens
00122f40 0000006c R __action_table
00122fac 0000006c R __state_table
00123018 00000100 R __chclass
00123118 00000010 r zeroes.0
00123128 00000010 r blanks.1
00123138 00000010 r zeroes.0
00123148 00000010 r blanks.1
001231e8 00000100 R __hexdig
001232fc 00001a7c r d02f4
00124d78 0000172a r b02cf
001264a4 00000040 r a8
001264e4 000000a2 r a7
00126588 00000070 r a6
001265f8 0000005b r a3
00126654 000000bc r a2
00126710 000000bc r a1
001267cc 00003528 r categories
00129cf4 00000070 R dotab_stdnull
00129d64 R __tdata_align
00129d68 r 
00129d68 R __exidx_end
00129d68 R __exidx_start
0012a000 00000001 d firstConsoleInit.0
0012a004 00000004 D currentConsole
0012a008 00000048 D defaultConsole
0012a050 00000004 d kCount
0012a054 00000004 d kInterval
0012a058 00000004 d kDelay
0012a05c W __stacksize__
0012a060 00000004 D _impure_ptr
0012a068 00000460 d impure_data
0012a4c8 00000004 D __malloc_sbrk_base
0012a4cc 00000004 D __malloc_trim_threshold
0012a4d0 00000408 D __malloc_av_
0012a8d8 0000016c D __global_locale
0012aa44 0000008c D devoptab_list
0012aad0 00000004 d defaultDevice
0012aad4 00000400 d _current_working_directory
0012aed4 00001000 d handles
0012bed4 0000000c d __stderr_handle
0012bee0 0000000c d __stdout_handle
0012beec 0000000c d __stdin_handle
0012bf00 d _GLOBAL_OFFSET_TABLE_
0012bf0c d __frame_dummy_init_array_entry
0012bf0c D __init_array_start
0012bf0c B __preinit_array_end
0012bf0c B __preinit_array_start
0012bf0c D __tdata_lma
0012bf0c D __tdata_lma_end
0012bf10 d __do_global_dtors_aux_fini_array_entry
0012bf10 D __fini_array_start
0012bf10 D __init_array_end
0012bf14 D __bss_start__
0012bf14 D __fini_array_end
0012bf14 00000004 b sharedMem
0012bf18 00000004 b recvEvent
0012bf1c 00000208 b transferBuffer
0012c124 b completed.1
0012c128 b object.0
0012c140 00000048 B currentCopy
0012c188 00000004 b screenAlloc
0012c18c 00000004 b screenFree
0012c190 00000002 b gfxIsDoubleBuf
0012c194 00000002 b gfxCurBuf
0012c196 00000001 b gfxIsVram
0012c197 00000001 b gfxTopMode
0012c198 00000002 b gfxFramebufferFormats
0012c19c 00000004 b gfxBottomFramebufferMaxSize
0012c1a0 00000004 b gfxTopFramebufferMaxSize
0012c1a8 00000008 b gfxBottomFramebuffers
0012c1b0 00000008 b gfxTopFramebuffers
0012c1b8 00000004 b iruRefCount
0012c1bc 00000004 b iruSharedMemSize
0012c1c0 00000004 b iruSharedMem
0012c1c4 00000004 b iruSharedMemHandle
0012c1c8 00000004 b iruHandle
0012c1cc 00000007 b gspEventCbOneShot
0012c1d4 0000001c b gspEventCbData
0012c1f0 0000001c b gspEventCb
0012c20c 00000038 b gspEvents
0012c244 00000004 b gspLastEvent
0012c248 00000001 b gspRunEvents
0012c24c 00000004 b gspEventThread
0012c250 00000004 b gspEvent
0012c254 00000001 b gspGpuRight
0012c255 00000001 b gspThreadId
0012c258 00000004 b gspSharedMem
0012c25c 00000004 b gspSharedMemHandle
0012c260 00000004 b gspRefCount
0012c264 00000004 b gspGpuHandle
0012c268 00000001 b flagValue.0
0012c269 00000001 b flagInit.1
0012c26c 00000004 b serviceName.6
0012c270 00000001 b aptChainloadMediatype
0012c278 00000008 b aptChainloadTid
0012c280 00000001 b aptChainloadFlags
0012c284 00001000 b aptParameters
0012d284 00000004 b aptFlags
0012d288 00000001 b aptHomeButtonState
0012d28c 00000004 b aptMessageFuncData
0012d290 00000004 b aptMessageFunc
0012d294 0000000c b aptFirstHook
0012d2a0 00000001 b aptEventHandlerThreadQuit
0012d2a4 00000004 b aptEventHandlerThread
0012d2a8 00000008 b aptSleepEvent
0012d2b0 00000008 b aptReceiveEvent
0012d2b8 00000008 b aptEvents
0012d2c0 00000004 b aptLockHandle
0012d2c4 00000004 b aptRefCount
0012d2c8 00000001 b usingIrrst
0012d2cc 00000004 b hidRefCount
0012d2d0 00000006 b gRate
0012d2d8 00000006 b aVec
0012d2e0 00000004 b cPos
0012d2e4 00000004 b tPos
0012d2e8 00000004 b kRepeat
0012d2ec 00000004 b kUp
0012d2f0 00000004 b kDown
0012d2f4 00000004 b kHeld
0012d2f8 00000004 b kOld
0012d2fc 00000004 B hidSharedMem
0012d300 00000014 B hidEvents
0012d314 00000004 B hidMemHandle
0012d318 00000004 B hidHandle
0012d31c 00000004 B __system_retAddr
0012d320 00000004 B __system_argv
0012d324 00000004 B __system_argc
0012d328 b saved_stack
0012d330 00000008 b sVramPoolB
0012d338 00000008 b sVramPoolA
0012d340 0000000c b sAddrMap
0012d350 00000008 b sLinearPool
0012d358 0000000c b sAddrMap
0012d364 00000004 b arbiter
0012d368 00000001 V __ctru_speedup
0012d36c 00000004 B __3dslink_host
0012d370 00000004 b srvRefCount
0012d374 00000004 b srvHandle
0012d378 00000004 b currentAddr
0012d37c 00000004 b maxAddr
0012d380 00000004 b minAddr
0012d384 00000004 b irrstRefCount
0012d388 00000004 b csPos
0012d38c 00000004 b kHeld
0012d390 00000004 B irrstSharedMem
0012d394 00000004 B irrstEvent
0012d398 00000004 B irrstMemHandle
0012d39c 00000004 B irrstHandle
0012d3a0 00000004 b srvPmHandle
0012d3a4 00000004 b ptmSysmRefCount
0012d3a8 00000004 b ptmSysmHandle
0012d3ac 00000004 V __ctru_linear_heap_size
0012d3b0 00000004 V __ctru_heap_size
0012d3b4 00000004 B __ctru_linear_heap
0012d3b8 00000004 B __ctru_heap
0012d3c0 00000540 b archive_devices
0012d900 00000004 b archive_device_cwd
0012d904 00000001 b archive_initialized
0012d908 00000080 b fsExemptArchives
0012d988 00000004 b fsuRefCount
0012d98c 00000004 b fsuHandle
0012d990 0000000c b __sinit_recursive_mutex
0012d99c 0000000c b __sfp_recursive_mutex
0012d9a8 00000028 B __malloc_current_mallinfo
0012d9d0 00000004 B __malloc_max_total_mem
0012d9d4 00000004 B __malloc_max_sbrked_mem
0012d9d8 00000004 B __malloc_top_pad
0012d9dc 0000000c b __malloc_recursive_mutex
0012d9e8 0000000c B __atexit_recursive_mutex
0012d9f4 00000004 b heap_start.0
0012d9f8 00000004 B fake_heap_start
0012d9fc 00000004 B fake_heap_end
0012da00 00000400 b temp_cwd
0012de00 00000004 b __hndl_lock
0012de04 B __tls_start
0012ea0c B __bss_end__
0012ea0c A __end__
0012ea0c B __tls_end
